TN:
SF:src/modules/appointments/services/CreateAppointmentService.ts
FN:100,__decorate
FN:100,__metadata
FN:100,__param
FN:100,__awaiter
FN:100,adopt
FN:100,fulfilled
FN:100,rejected
FN:100,step
FN:100,__generator
FN:100,sent
FN:100,g.<computed>
FN:100,verb
FN:100,step
FN:100,__importDefault
FN:21,CreateAppointmentService
FN:35,CreateAppointmentService.execute
FNF:16
FNH:14
FNDA:1,__decorate
FNDA:1,__metadata
FNDA:4,__param
FNDA:7,__awaiter
FNDA:15,adopt
FNDA:15,fulfilled
FNDA:0,rejected
FNDA:17,step
FNDA:7,__generator
FNDA:15,sent
FNDA:0,g.<computed>
FNDA:21,verb
FNDA:22,step
FNDA:1,__importDefault
FNDA:5,CreateAppointmentService
FNDA:7,CreateAppointmentService.execute
DA:1,1
DA:2,1
DA:3,1
DA:4,1
DA:5,1
DA:6,1
DA:7,1
DA:8,1
DA:9,1
DA:10,1
DA:11,1
DA:12,1
DA:13,1
DA:14,1
DA:15,1
DA:16,1
DA:17,1
DA:18,1
DA:19,1
DA:20,1
DA:21,1
DA:22,5
DA:23,5
DA:24,5
DA:25,5
DA:26,5
DA:27,5
DA:28,5
DA:29,5
DA:30,5
DA:31,5
DA:32,5
DA:33,5
DA:34,1
DA:35,1
DA:36,7
DA:37,7
DA:38,7
DA:39,7
DA:40,7
DA:41,7
DA:42,7
DA:43,7
DA:44,7
DA:45,7
DA:46,7
DA:47,1
DA:48,1
DA:49,6
DA:50,7
DA:51,1
DA:52,1
DA:53,5
DA:54,7
DA:55,2
DA:56,2
DA:57,2
DA:58,2
DA:59,3
DA:60,7
DA:61,1
DA:62,1
DA:63,2
DA:64,2
DA:65,2
DA:66,2
DA:67,2
DA:68,2
DA:69,7
DA:70,7
DA:71,7
DA:72,7
DA:73,7
DA:74,7
DA:75,7
DA:76,7
DA:77,7
DA:78,7
DA:79,7
DA:80,7
DA:81,0
DA:82,0
DA:83,7
DA:84,7
DA:85,7
DA:86,7
DA:87,7
DA:88,7
DA:89,7
DA:90,7
DA:91,7
DA:92,7
DA:93,7
DA:94,7
DA:95,7
DA:96,7
DA:97,7
DA:98,1
DA:99,1
DA:100,1
LF:100
LH:98
BRDA:100,0,0,1
BRDA:100,1,0,1
BRDA:100,2,0,0
BRDA:100,3,0,0
BRDA:100,4,0,0
BRDA:100,5,0,0
BRDA:100,6,0,1
BRDA:100,7,0,4
BRDA:100,8,0,4
BRDA:100,9,0,7
BRDA:100,10,0,15
BRDA:100,11,0,0
BRDA:100,12,0,7
BRDA:100,13,0,15
BRDA:100,14,0,10
BRDA:100,15,0,5
BRDA:100,16,0,17
BRDA:100,17,0,2
BRDA:100,18,0,15
BRDA:100,19,0,7
BRDA:100,20,0,15
BRDA:100,21,0,0
BRDA:100,22,0,21
BRDA:100,23,0,22
BRDA:100,24,0,22
BRDA:100,25,0,0
BRDA:100,26,0,44
BRDA:100,27,0,0
BRDA:100,28,0,0
BRDA:100,29,0,0
BRDA:100,30,0,0
BRDA:100,31,0,22
BRDA:100,32,0,22
BRDA:100,33,0,15
BRDA:100,34,0,0
BRDA:100,35,0,0
BRDA:100,36,0,7
BRDA:100,37,0,0
BRDA:100,38,0,2
BRDA:100,39,0,0
BRDA:100,40,0,0
BRDA:100,41,0,0
BRDA:100,42,0,0
BRDA:100,43,0,22
BRDA:100,44,0,17
BRDA:100,45,0,5
BRDA:100,46,0,22
BRDA:100,47,0,7
BRDA:100,48,0,5
BRDA:100,49,0,2
BRDA:100,50,0,0
BRDA:100,51,0,1
BRDA:100,52,0,0
BRDA:20,53,0,1
BRDA:21,54,0,5
BRDA:35,55,0,7
BRDA:100,56,0,7
BRDA:100,57,0,22
BRDA:100,58,0,7
BRDA:100,59,0,7
BRDA:46,60,0,1
BRDA:48,61,0,6
BRDA:50,62,0,1
BRDA:52,63,0,5
BRDA:54,64,0,4
BRDA:54,65,0,2
BRDA:58,66,0,3
BRDA:60,67,0,1
BRDA:62,68,0,2
BRDA:100,69,0,2
BRDA:100,70,0,2
BRDA:80,71,0,0
BRDA:100,72,0,2
BRDA:100,73,0,2
BRF:74
BRH:53
end_of_record
TN:
SF:src/modules/appointments/services/ListProviderAppointmentService.ts
FN:54,__decorate
FN:54,__metadata
FN:54,__param
FN:54,__awaiter
FN:54,adopt
FN:54,fulfilled
FN:54,rejected
FN:54,step
FN:54,__generator
FN:54,sent
FN:54,g.<computed>
FN:54,verb
FN:54,step
FN:17,ListProviderAppointmentService
FN:25,ListProviderAppointmentService.execute
FNF:15
FNH:13
FNDA:1,__decorate
FNDA:1,__metadata
FNDA:2,__param
FNDA:1,__awaiter
FNDA:3,adopt
FNDA:3,fulfilled
FNDA:0,rejected
FNDA:4,step
FNDA:1,__generator
FNDA:3,sent
FNDA:0,g.<computed>
FNDA:3,verb
FNDA:4,step
FNDA:1,ListProviderAppointmentService
FNDA:1,ListProviderAppointmentService.execute
DA:1,1
DA:2,1
DA:3,1
DA:4,1
DA:5,1
DA:6,1
DA:7,1
DA:8,1
DA:9,1
DA:10,1
DA:11,1
DA:12,1
DA:13,1
DA:14,1
DA:15,1
DA:16,1
DA:17,1
DA:18,1
DA:19,1
DA:20,1
DA:21,1
DA:22,1
DA:23,1
DA:24,1
DA:25,1
DA:26,1
DA:27,1
DA:28,1
DA:29,1
DA:30,1
DA:31,1
DA:32,1
DA:33,1
DA:34,1
DA:35,1
DA:36,1
DA:37,1
DA:38,1
DA:39,1
DA:40,1
DA:41,1
DA:42,1
DA:43,1
DA:44,1
DA:45,1
DA:46,1
DA:47,1
DA:48,1
DA:49,1
DA:50,1
DA:51,1
DA:52,1
DA:53,1
DA:54,1
LF:54
LH:54
BRDA:54,0,0,1
BRDA:54,1,0,1
BRDA:54,2,0,0
BRDA:54,3,0,0
BRDA:54,4,0,0
BRDA:54,5,0,0
BRDA:54,6,0,1
BRDA:54,7,0,2
BRDA:54,8,0,2
BRDA:54,9,0,1
BRDA:54,10,0,3
BRDA:54,11,0,0
BRDA:54,12,0,1
BRDA:54,13,0,3
BRDA:54,14,0,0
BRDA:54,15,0,4
BRDA:54,16,0,1
BRDA:54,17,0,3
BRDA:54,18,0,1
BRDA:54,19,0,3
BRDA:54,20,0,0
BRDA:54,21,0,3
BRDA:54,22,0,4
BRDA:54,23,0,4
BRDA:54,24,0,0
BRDA:54,25,0,8
BRDA:54,26,0,0
BRDA:54,27,0,0
BRDA:54,28,0,0
BRDA:54,29,0,0
BRDA:54,30,0,4
BRDA:54,31,0,4
BRDA:54,32,0,3
BRDA:54,33,0,0
BRDA:54,34,0,0
BRDA:54,35,0,1
BRDA:54,36,0,0
BRDA:54,37,0,0
BRDA:54,38,0,0
BRDA:54,39,0,0
BRDA:54,40,0,0
BRDA:54,41,0,4
BRDA:54,42,0,0
BRDA:54,43,0,4
BRDA:54,44,0,1
BRDA:54,45,0,0
BRDA:54,46,0,1
BRDA:54,47,0,0
BRDA:16,48,0,1
BRDA:17,49,0,1
BRDA:25,50,0,1
BRDA:54,51,0,1
BRDA:54,52,0,4
BRDA:54,53,0,1
BRDA:54,54,0,1
BRDA:37,55,0,0
BRDA:54,56,0,1
BRDA:54,57,0,1
BRDA:50,58,0,1
BRF:59
BRH:36
end_of_record
TN:
SF:src/modules/appointments/services/ListProviderDayAvailabilityService.ts
FN:66,__decorate
FN:66,__metadata
FN:66,__param
FN:66,__awaiter
FN:66,adopt
FN:66,fulfilled
FN:66,rejected
FN:66,step
FN:66,__generator
FN:66,sent
FN:66,g.<computed>
FN:66,verb
FN:66,step
FN:21,ListProviderDayAvailabilityService
FN:26,ListProviderDayAvailabilityService.execute
FNF:15
FNH:13
FNDA:1,__decorate
FNDA:1,__metadata
FNDA:1,__param
FNDA:1,__awaiter
FNDA:1,adopt
FNDA:1,fulfilled
FNDA:0,rejected
FNDA:2,step
FNDA:1,__generator
FNDA:1,sent
FNDA:0,g.<computed>
FNDA:3,verb
FNDA:2,step
FNDA:1,ListProviderDayAvailabilityService
FNDA:1,ListProviderDayAvailabilityService.execute
DA:1,1
DA:2,1
DA:3,1
DA:4,1
DA:5,1
DA:6,1
DA:7,1
DA:8,1
DA:9,1
DA:10,1
DA:11,1
DA:12,1
DA:13,1
DA:14,1
DA:15,1
DA:16,1
DA:17,1
DA:18,1
DA:19,1
DA:20,1
DA:21,1
DA:22,1
DA:23,1
DA:24,1
DA:25,1
DA:26,1
DA:27,1
DA:28,1
DA:29,1
DA:30,1
DA:31,1
DA:32,1
DA:33,1
DA:34,1
DA:35,1
DA:36,1
DA:37,1
DA:38,1
DA:39,1
DA:40,1
DA:41,1
DA:42,1
DA:43,1
DA:44,1
DA:45,1
DA:46,1
DA:47,1
DA:48,1
DA:49,1
DA:50,10
DA:51,10
DA:52,10
DA:53,10
DA:54,10
DA:55,10
DA:56,10
DA:57,10
DA:58,10
DA:59,10
DA:60,1
DA:61,1
DA:62,1
DA:63,1
DA:64,1
DA:65,1
DA:66,1
LF:66
LH:66
BRDA:66,0,0,1
BRDA:66,1,0,1
BRDA:66,2,0,0
BRDA:66,3,0,0
BRDA:66,4,0,0
BRDA:66,5,0,0
BRDA:66,6,0,1
BRDA:66,7,0,1
BRDA:66,8,0,1
BRDA:66,9,0,1
BRDA:66,10,0,1
BRDA:66,11,0,0
BRDA:66,12,0,1
BRDA:66,13,0,1
BRDA:66,14,0,0
BRDA:66,15,0,2
BRDA:66,16,0,1
BRDA:66,17,0,1
BRDA:66,18,0,1
BRDA:66,19,0,1
BRDA:66,20,0,0
BRDA:66,21,0,3
BRDA:66,22,0,2
BRDA:66,23,0,2
BRDA:66,24,0,0
BRDA:66,25,0,4
BRDA:66,26,0,0
BRDA:66,27,0,0
BRDA:66,28,0,0
BRDA:66,29,0,0
BRDA:66,30,0,2
BRDA:66,31,0,2
BRDA:66,32,0,1
BRDA:66,33,0,0
BRDA:66,34,0,0
BRDA:66,35,0,1
BRDA:66,36,0,0
BRDA:66,37,0,0
BRDA:66,38,0,0
BRDA:66,39,0,0
BRDA:66,40,0,0
BRDA:66,41,0,2
BRDA:66,42,0,0
BRDA:66,43,0,2
BRDA:66,44,0,1
BRDA:66,45,0,0
BRDA:66,46,0,1
BRDA:66,47,0,0
BRDA:20,48,0,1
BRDA:21,49,0,1
BRDA:26,50,0,1
BRDA:66,51,0,1
BRDA:66,52,0,2
BRDA:32,53,0,1
BRDA:66,54,0,1
BRDA:44,55,0,10
BRDA:49,56,0,10
BRDA:58,57,0,8
BRDA:51,58,0,19
BRF:59
BRH:37
end_of_record
TN:
SF:src/modules/appointments/services/ListProviderMonthlyAvailabilityService.ts
FN:60,__decorate
FN:60,__metadata
FN:60,__param
FN:60,__awaiter
FN:60,adopt
FN:60,fulfilled
FN:60,rejected
FN:60,step
FN:60,__generator
FN:60,sent
FN:60,g.<computed>
FN:60,verb
FN:60,step
FN:20,ListProviderMonthlyAvailabilityService
FN:25,ListProviderMonthlyAvailabilityService.execute
FNF:15
FNH:13
FNDA:1,__decorate
FNDA:1,__metadata
FNDA:1,__param
FNDA:1,__awaiter
FNDA:1,adopt
FNDA:1,fulfilled
FNDA:0,rejected
FNDA:2,step
FNDA:1,__generator
FNDA:1,sent
FNDA:0,g.<computed>
FNDA:3,verb
FNDA:2,step
FNDA:1,ListProviderMonthlyAvailabilityService
FNDA:1,ListProviderMonthlyAvailabilityService.execute
DA:1,1
DA:2,1
DA:3,1
DA:4,1
DA:5,1
DA:6,1
DA:7,1
DA:8,1
DA:9,1
DA:10,1
DA:11,1
DA:12,1
DA:13,1
DA:14,1
DA:15,1
DA:16,1
DA:17,1
DA:18,1
DA:19,1
DA:20,1
DA:21,1
DA:22,1
DA:23,1
DA:24,1
DA:25,1
DA:26,1
DA:27,1
DA:28,1
DA:29,1
DA:30,1
DA:31,1
DA:32,1
DA:33,1
DA:34,1
DA:35,1
DA:36,1
DA:37,1
DA:38,1
DA:39,1
DA:40,1
DA:41,1
DA:42,1
DA:43,1
DA:44,1
DA:45,1
DA:46,31
DA:47,341
DA:48,31
DA:49,31
DA:50,31
DA:51,31
DA:52,31
DA:53,31
DA:54,1
DA:55,1
DA:56,1
DA:57,1
DA:58,1
DA:59,1
DA:60,1
LF:60
LH:60
BRDA:60,0,0,1
BRDA:60,1,0,1
BRDA:60,2,0,0
BRDA:60,3,0,0
BRDA:60,4,0,0
BRDA:60,5,0,0
BRDA:60,6,0,1
BRDA:60,7,0,1
BRDA:60,8,0,1
BRDA:60,9,0,1
BRDA:60,10,0,1
BRDA:60,11,0,0
BRDA:60,12,0,1
BRDA:60,13,0,1
BRDA:60,14,0,0
BRDA:60,15,0,2
BRDA:60,16,0,1
BRDA:60,17,0,1
BRDA:60,18,0,1
BRDA:60,19,0,1
BRDA:60,20,0,0
BRDA:60,21,0,3
BRDA:60,22,0,2
BRDA:60,23,0,2
BRDA:60,24,0,0
BRDA:60,25,0,4
BRDA:60,26,0,0
BRDA:60,27,0,0
BRDA:60,28,0,0
BRDA:60,29,0,0
BRDA:60,30,0,2
BRDA:60,31,0,2
BRDA:60,32,0,1
BRDA:60,33,0,0
BRDA:60,34,0,0
BRDA:60,35,0,1
BRDA:60,36,0,0
BRDA:60,37,0,0
BRDA:60,38,0,0
BRDA:60,39,0,0
BRDA:60,40,0,0
BRDA:60,41,0,2
BRDA:60,42,0,0
BRDA:60,43,0,2
BRDA:60,44,0,1
BRDA:60,45,0,0
BRDA:60,46,0,1
BRDA:60,47,0,0
BRDA:19,48,0,1
BRDA:20,49,0,1
BRDA:25,50,0,1
BRDA:60,51,0,1
BRDA:60,52,0,2
BRDA:30,53,0,1
BRDA:60,54,0,1
BRDA:42,55,0,31
BRDA:45,56,0,31
BRDA:46,57,0,341
BRF:58
BRH:36
end_of_record
TN:
SF:src/modules/appointments/services/ListProvidersService.ts
FN:41,__decorate
FN:41,__metadata
FN:41,__param
FN:41,__awaiter
FN:41,adopt
FN:41,fulfilled
FN:41,rejected
FN:41,step
FN:41,__generator
FN:41,sent
FN:41,g.<computed>
FN:41,verb
FN:41,step
FN:16,ListProvidersService
FN:24,ListProvidersService.execute
FNF:15
FNH:13
FNDA:1,__decorate
FNDA:1,__metadata
FNDA:2,__param
FNDA:1,__awaiter
FNDA:3,adopt
FNDA:3,fulfilled
FNDA:0,rejected
FNDA:4,step
FNDA:1,__generator
FNDA:3,sent
FNDA:0,g.<computed>
FNDA:3,verb
FNDA:4,step
FNDA:1,ListProvidersService
FNDA:1,ListProvidersService.execute
DA:1,1
DA:2,1
DA:3,1
DA:4,1
DA:5,1
DA:6,1
DA:7,1
DA:8,1
DA:9,1
DA:10,1
DA:11,1
DA:12,1
DA:13,1
DA:14,1
DA:15,1
DA:16,1
DA:17,1
DA:18,1
DA:19,1
DA:20,1
DA:21,1
DA:22,1
DA:23,1
DA:24,1
DA:25,1
DA:26,1
DA:27,1
DA:28,1
DA:29,1
DA:30,1
DA:31,1
DA:32,1
DA:33,1
DA:34,1
DA:35,1
DA:36,1
DA:37,1
DA:38,1
DA:39,1
DA:40,1
DA:41,1
LF:41
LH:41
BRDA:41,0,0,1
BRDA:41,1,0,1
BRDA:41,2,0,0
BRDA:41,3,0,0
BRDA:41,4,0,0
BRDA:41,5,0,0
BRDA:41,6,0,1
BRDA:41,7,0,2
BRDA:41,8,0,2
BRDA:41,9,0,1
BRDA:41,10,0,3
BRDA:41,11,0,0
BRDA:41,12,0,1
BRDA:41,13,0,3
BRDA:41,14,0,0
BRDA:41,15,0,4
BRDA:41,16,0,1
BRDA:41,17,0,3
BRDA:41,18,0,1
BRDA:41,19,0,3
BRDA:41,20,0,0
BRDA:41,21,0,3
BRDA:41,22,0,4
BRDA:41,23,0,4
BRDA:41,24,0,0
BRDA:41,25,0,8
BRDA:41,26,0,0
BRDA:41,27,0,0
BRDA:41,28,0,0
BRDA:41,29,0,0
BRDA:41,30,0,4
BRDA:41,31,0,4
BRDA:41,32,0,3
BRDA:41,33,0,0
BRDA:41,34,0,0
BRDA:41,35,0,1
BRDA:41,36,0,0
BRDA:41,37,0,0
BRDA:41,38,0,0
BRDA:41,39,0,0
BRDA:41,40,0,0
BRDA:41,41,0,4
BRDA:41,42,0,0
BRDA:41,43,0,4
BRDA:41,44,0,1
BRDA:41,45,0,0
BRDA:41,46,0,1
BRDA:41,47,0,0
BRDA:15,48,0,1
BRDA:16,49,0,1
BRDA:24,50,0,1
BRDA:41,51,0,1
BRDA:41,52,0,4
BRDA:25,53,0,1
BRDA:41,54,0,1
BRDA:29,55,0,0
BRDA:41,56,0,1
BRDA:41,57,0,1
BRDA:37,58,0,1
BRF:59
BRH:36
end_of_record
TN:
SF:src/modules/users/services/AuthenticateUserService.ts
FN:60,__decorate
FN:60,__metadata
FN:60,__param
FN:60,__awaiter
FN:60,adopt
FN:60,fulfilled
FN:60,rejected
FN:60,step
FN:60,__generator
FN:60,sent
FN:60,g.<computed>
FN:60,verb
FN:60,step
FN:60,__importDefault
FN:22,AuthenticateUserService
FN:30,AuthenticateUserService.execute
FNF:16
FNH:14
FNDA:1,__decorate
FNDA:1,__metadata
FNDA:2,__param
FNDA:3,__awaiter
FNDA:5,adopt
FNDA:5,fulfilled
FNDA:0,rejected
FNDA:6,step
FNDA:3,__generator
FNDA:5,sent
FNDA:0,g.<computed>
FNDA:9,verb
FNDA:8,step
FNDA:2,__importDefault
FNDA:3,AuthenticateUserService
FNDA:3,AuthenticateUserService.execute
DA:1,1
DA:2,1
DA:3,1
DA:4,1
DA:5,1
DA:6,1
DA:7,1
DA:8,1
DA:9,1
DA:10,1
DA:11,1
DA:12,1
DA:13,1
DA:14,1
DA:15,1
DA:16,1
DA:17,1
DA:18,1
DA:19,1
DA:20,1
DA:21,1
DA:22,1
DA:23,3
DA:24,3
DA:25,3
DA:26,3
DA:27,3
DA:28,3
DA:29,1
DA:30,1
DA:31,3
DA:32,3
DA:33,3
DA:34,1
DA:35,1
DA:36,2
DA:37,2
DA:38,2
DA:39,2
DA:40,2
DA:41,3
DA:42,3
DA:43,1
DA:44,1
DA:45,1
DA:46,1
DA:47,1
DA:48,1
DA:49,1
DA:50,1
DA:51,1
DA:52,1
DA:53,1
DA:54,1
DA:55,1
DA:56,1
DA:57,3
DA:58,1
DA:59,1
DA:60,1
LF:60
LH:60
BRDA:60,0,0,1
BRDA:60,1,0,1
BRDA:60,2,0,0
BRDA:60,3,0,0
BRDA:60,4,0,0
BRDA:60,5,0,0
BRDA:60,6,0,1
BRDA:60,7,0,2
BRDA:60,8,0,2
BRDA:60,9,0,3
BRDA:60,10,0,5
BRDA:60,11,0,0
BRDA:60,12,0,3
BRDA:60,13,0,5
BRDA:60,14,0,3
BRDA:60,15,0,2
BRDA:60,16,0,6
BRDA:60,17,0,1
BRDA:60,18,0,5
BRDA:60,19,0,3
BRDA:60,20,0,5
BRDA:60,21,0,0
BRDA:60,22,0,9
BRDA:60,23,0,8
BRDA:60,24,0,8
BRDA:60,25,0,0
BRDA:60,26,0,16
BRDA:60,27,0,0
BRDA:60,28,0,0
BRDA:60,29,0,0
BRDA:60,30,0,0
BRDA:60,31,0,8
BRDA:60,32,0,8
BRDA:60,33,0,5
BRDA:60,34,0,0
BRDA:60,35,0,0
BRDA:60,36,0,3
BRDA:60,37,0,0
BRDA:60,38,0,1
BRDA:60,39,0,0
BRDA:60,40,0,0
BRDA:60,41,0,0
BRDA:60,42,0,0
BRDA:60,43,0,8
BRDA:60,44,0,6
BRDA:60,45,0,2
BRDA:60,46,0,8
BRDA:60,47,0,3
BRDA:60,48,0,2
BRDA:60,49,0,1
BRDA:60,50,0,0
BRDA:60,51,0,2
BRDA:60,52,0,0
BRDA:21,53,0,1
BRDA:22,54,0,3
BRDA:30,55,0,3
BRDA:60,56,0,3
BRDA:60,57,0,8
BRDA:31,58,0,3
BRDA:60,59,0,3
BRDA:33,60,0,1
BRDA:35,61,0,2
BRDA:60,62,0,2
BRDA:42,63,0,1
BRF:64
BRH:44
end_of_record
TN:
SF:src/modules/users/services/CreateUserService.ts
FN:51,__decorate
FN:51,__metadata
FN:51,__param
FN:51,__awaiter
FN:51,adopt
FN:51,fulfilled
FN:51,rejected
FN:51,step
FN:51,__generator
FN:51,sent
FN:51,g.<computed>
FN:51,verb
FN:51,step
FN:51,__importDefault
FN:17,CreateUserService
FN:28,CreateUserService.execute
FNF:16
FNH:14
FNDA:1,__decorate
FNDA:1,__metadata
FNDA:3,__param
FNDA:3,__awaiter
FNDA:9,adopt
FNDA:9,fulfilled
FNDA:0,rejected
FNDA:11,step
FNDA:3,__generator
FNDA:9,sent
FNDA:0,g.<computed>
FNDA:9,verb
FNDA:12,step
FNDA:1,__importDefault
FNDA:2,CreateUserService
FNDA:3,CreateUserService.execute
DA:1,1
DA:2,1
DA:3,1
DA:4,1
DA:5,1
DA:6,1
DA:7,1
DA:8,1
DA:9,1
DA:10,1
DA:11,1
DA:12,1
DA:13,1
DA:14,1
DA:15,1
DA:16,1
DA:17,1
DA:18,2
DA:19,2
DA:20,2
DA:21,2
DA:22,2
DA:23,2
DA:24,2
DA:25,2
DA:26,2
DA:27,1
DA:28,1
DA:29,3
DA:30,3
DA:31,3
DA:32,1
DA:33,1
DA:34,1
DA:35,1
DA:36,2
DA:37,2
DA:38,3
DA:39,3
DA:40,3
DA:41,3
DA:42,3
DA:43,3
DA:44,3
DA:45,3
DA:46,3
DA:47,3
DA:48,3
DA:49,1
DA:50,1
DA:51,1
LF:51
LH:51
BRDA:51,0,0,1
BRDA:51,1,0,1
BRDA:51,2,0,0
BRDA:51,3,0,0
BRDA:51,4,0,0
BRDA:51,5,0,0
BRDA:51,6,0,1
BRDA:51,7,0,3
BRDA:51,8,0,3
BRDA:51,9,0,3
BRDA:51,10,0,9
BRDA:51,11,0,0
BRDA:51,12,0,3
BRDA:51,13,0,9
BRDA:51,14,0,8
BRDA:51,15,0,1
BRDA:51,16,0,11
BRDA:51,17,0,2
BRDA:51,18,0,9
BRDA:51,19,0,3
BRDA:51,20,0,9
BRDA:51,21,0,0
BRDA:51,22,0,9
BRDA:51,23,0,12
BRDA:51,24,0,12
BRDA:51,25,0,0
BRDA:51,26,0,24
BRDA:51,27,0,0
BRDA:51,28,0,0
BRDA:51,29,0,0
BRDA:51,30,0,0
BRDA:51,31,0,12
BRDA:51,32,0,12
BRDA:51,33,0,9
BRDA:51,34,0,0
BRDA:51,35,0,0
BRDA:51,36,0,3
BRDA:51,37,0,0
BRDA:51,38,0,2
BRDA:51,39,0,0
BRDA:51,40,0,0
BRDA:51,41,0,0
BRDA:51,42,0,0
BRDA:51,43,0,12
BRDA:51,44,0,11
BRDA:51,45,0,1
BRDA:51,46,0,12
BRDA:51,47,0,3
BRDA:51,48,0,1
BRDA:51,49,0,2
BRDA:51,50,0,0
BRDA:51,51,0,1
BRDA:51,52,0,0
BRDA:16,53,0,1
BRDA:17,54,0,2
BRDA:28,55,0,3
BRDA:51,56,0,3
BRDA:51,57,0,12
BRDA:29,58,0,3
BRDA:51,59,0,3
BRDA:31,60,0,1
BRDA:35,61,0,2
BRDA:51,62,0,2
BRDA:51,63,0,2
BRDA:51,64,0,2
BRF:65
BRH:45
end_of_record
TN:
SF:src/modules/users/services/ResetPasswordService.ts
FN:56,__decorate
FN:56,__metadata
FN:56,__param
FN:56,__awaiter
FN:56,adopt
FN:56,fulfilled
FN:56,rejected
FN:56,step
FN:56,__generator
FN:56,sent
FN:56,g.<computed>
FN:56,verb
FN:56,step
FN:56,__importDefault
FN:18,ResetPasswordService
FN:29,ResetPasswordService.execute
FNF:16
FNH:14
FNDA:1,__decorate
FNDA:1,__metadata
FNDA:3,__param
FNDA:4,__awaiter
FNDA:8,adopt
FNDA:8,fulfilled
FNDA:0,rejected
FNDA:9,step
FNDA:4,__generator
FNDA:8,sent
FNDA:0,g.<computed>
FNDA:12,verb
FNDA:12,step
FNDA:1,__importDefault
FNDA:4,ResetPasswordService
FNDA:4,ResetPasswordService.execute
DA:1,1
DA:2,1
DA:3,1
DA:4,1
DA:5,1
DA:6,1
DA:7,1
DA:8,1
DA:9,1
DA:10,1
DA:11,1
DA:12,1
DA:13,1
DA:14,1
DA:15,1
DA:16,1
DA:17,1
DA:18,1
DA:19,4
DA:20,4
DA:21,4
DA:22,4
DA:23,4
DA:24,4
DA:25,4
DA:26,4
DA:27,4
DA:28,1
DA:29,1
DA:30,4
DA:31,4
DA:32,4
DA:33,1
DA:34,1
DA:35,3
DA:36,3
DA:37,4
DA:38,4
DA:39,1
DA:40,1
DA:41,2
DA:42,2
DA:43,2
DA:44,2
DA:45,2
DA:46,4
DA:47,1
DA:48,1
DA:49,1
DA:50,1
DA:51,4
DA:52,4
DA:53,4
DA:54,1
DA:55,1
DA:56,1
LF:56
LH:56
BRDA:56,0,0,1
BRDA:56,1,0,1
BRDA:56,2,0,0
BRDA:56,3,0,0
BRDA:56,4,0,0
BRDA:56,5,0,0
BRDA:56,6,0,1
BRDA:56,7,0,3
BRDA:56,8,0,3
BRDA:56,9,0,4
BRDA:56,10,0,8
BRDA:56,11,0,0
BRDA:56,12,0,4
BRDA:56,13,0,8
BRDA:56,14,0,5
BRDA:56,15,0,3
BRDA:56,16,0,9
BRDA:56,17,0,1
BRDA:56,18,0,8
BRDA:56,19,0,4
BRDA:56,20,0,8
BRDA:56,21,0,0
BRDA:56,22,0,12
BRDA:56,23,0,12
BRDA:56,24,0,12
BRDA:56,25,0,0
BRDA:56,26,0,24
BRDA:56,27,0,0
BRDA:56,28,0,0
BRDA:56,29,0,0
BRDA:56,30,0,0
BRDA:56,31,0,12
BRDA:56,32,0,12
BRDA:56,33,0,8
BRDA:56,34,0,0
BRDA:56,35,0,0
BRDA:56,36,0,4
BRDA:56,37,0,0
BRDA:56,38,0,1
BRDA:56,39,0,0
BRDA:56,40,0,0
BRDA:56,41,0,0
BRDA:56,42,0,0
BRDA:56,43,0,12
BRDA:56,44,0,9
BRDA:56,45,0,3
BRDA:56,46,0,12
BRDA:56,47,0,4
BRDA:56,48,0,3
BRDA:56,49,0,1
BRDA:56,50,0,0
BRDA:56,51,0,1
BRDA:56,52,0,0
BRDA:17,53,0,1
BRDA:18,54,0,4
BRDA:29,55,0,4
BRDA:56,56,0,4
BRDA:56,57,0,12
BRDA:30,58,0,4
BRDA:56,59,0,4
BRDA:32,60,0,1
BRDA:34,61,0,3
BRDA:56,62,0,3
BRDA:38,63,0,1
BRDA:40,64,0,2
BRDA:46,65,0,1
BRDA:56,66,0,1
BRF:67
BRH:47
end_of_record
TN:
SF:src/modules/users/services/SendForgotPasswordEmailService.ts
FN:58,__decorate
FN:58,__metadata
FN:58,__param
FN:58,__awaiter
FN:58,adopt
FN:58,fulfilled
FN:58,rejected
FN:58,step
FN:58,__generator
FN:58,sent
FN:58,g.<computed>
FN:58,verb
FN:58,step
FN:58,__importDefault
FN:15,SendForgotPasswordEmailService
FN:26,SendForgotPasswordEmailService.execute
FNF:16
FNH:14
FNDA:1,__decorate
FNDA:1,__metadata
FNDA:3,__param
FNDA:3,__awaiter
FNDA:7,adopt
FNDA:7,fulfilled
FNDA:0,rejected
FNDA:9,step
FNDA:3,__generator
FNDA:7,sent
FNDA:0,g.<computed>
FNDA:9,verb
FNDA:10,step
FNDA:2,__importDefault
FNDA:3,SendForgotPasswordEmailService
FNDA:3,SendForgotPasswordEmailService.execute
DA:1,1
DA:2,1
DA:3,1
DA:4,1
DA:5,1
DA:6,1
DA:7,1
DA:8,1
DA:9,1
DA:10,1
DA:11,1
DA:12,1
DA:13,1
DA:14,1
DA:15,1
DA:16,3
DA:17,3
DA:18,3
DA:19,3
DA:20,3
DA:21,3
DA:22,3
DA:23,3
DA:24,3
DA:25,1
DA:26,1
DA:27,3
DA:28,3
DA:29,3
DA:30,1
DA:31,1
DA:32,2
DA:33,2
DA:34,3
DA:35,3
DA:36,3
DA:37,3
DA:38,3
DA:39,3
DA:40,3
DA:41,3
DA:42,3
DA:43,3
DA:44,3
DA:45,3
DA:46,3
DA:47,3
DA:48,3
DA:49,3
DA:50,3
DA:51,3
DA:52,3
DA:53,3
DA:54,3
DA:55,3
DA:56,1
DA:57,1
DA:58,1
LF:58
LH:58
BRDA:58,0,0,1
BRDA:58,1,0,1
BRDA:58,2,0,0
BRDA:58,3,0,0
BRDA:58,4,0,0
BRDA:58,5,0,0
BRDA:58,6,0,1
BRDA:58,7,0,3
BRDA:58,8,0,3
BRDA:58,9,0,3
BRDA:58,10,0,7
BRDA:58,11,0,0
BRDA:58,12,0,3
BRDA:58,13,0,7
BRDA:58,14,0,6
BRDA:58,15,0,1
BRDA:58,16,0,9
BRDA:58,17,0,2
BRDA:58,18,0,7
BRDA:58,19,0,3
BRDA:58,20,0,7
BRDA:58,21,0,0
BRDA:58,22,0,9
BRDA:58,23,0,10
BRDA:58,24,0,10
BRDA:58,25,0,0
BRDA:58,26,0,20
BRDA:58,27,0,0
BRDA:58,28,0,0
BRDA:58,29,0,0
BRDA:58,30,0,0
BRDA:58,31,0,10
BRDA:58,32,0,10
BRDA:58,33,0,7
BRDA:58,34,0,0
BRDA:58,35,0,0
BRDA:58,36,0,3
BRDA:58,37,0,0
BRDA:58,38,0,2
BRDA:58,39,0,0
BRDA:58,40,0,0
BRDA:58,41,0,0
BRDA:58,42,0,0
BRDA:58,43,0,10
BRDA:58,44,0,9
BRDA:58,45,0,1
BRDA:58,46,0,10
BRDA:58,47,0,3
BRDA:58,48,0,1
BRDA:58,49,0,2
BRDA:58,50,0,0
BRDA:58,51,0,2
BRDA:58,52,0,1
BRDA:58,53,0,1
BRDA:14,54,0,1
BRDA:15,55,0,3
BRDA:26,56,0,3
BRDA:58,57,0,3
BRDA:58,58,0,10
BRDA:27,59,0,3
BRDA:58,60,0,3
BRDA:29,61,0,1
BRDA:31,62,0,2
BRDA:58,63,0,2
BRDA:58,64,0,2
BRF:65
BRH:46
end_of_record
TN:
SF:src/modules/users/services/ShowProfileService.ts
FN:33,__decorate
FN:33,__metadata
FN:33,__param
FN:33,__awaiter
FN:33,adopt
FN:33,fulfilled
FN:33,rejected
FN:33,step
FN:33,__generator
FN:33,sent
FN:33,g.<computed>
FN:33,verb
FN:33,step
FN:33,__importDefault
FN:17,ShowProfileService
FN:22,ShowProfileService.execute
FNF:16
FNH:14
FNDA:1,__decorate
FNDA:1,__metadata
FNDA:1,__param
FNDA:2,__awaiter
FNDA:2,adopt
FNDA:2,fulfilled
FNDA:0,rejected
FNDA:3,step
FNDA:2,__generator
FNDA:2,sent
FNDA:0,g.<computed>
FNDA:6,verb
FNDA:4,step
FNDA:1,__importDefault
FNDA:2,ShowProfileService
FNDA:2,ShowProfileService.execute
DA:1,1
DA:2,1
DA:3,1
DA:4,1
DA:5,1
DA:6,1
DA:7,1
DA:8,1
DA:9,1
DA:10,1
DA:11,1
DA:12,1
DA:13,1
DA:14,1
DA:15,1
DA:16,1
DA:17,1
DA:18,2
DA:19,2
DA:20,2
DA:21,1
DA:22,1
DA:23,2
DA:24,2
DA:25,2
DA:26,1
DA:27,1
DA:28,1
DA:29,1
DA:30,2
DA:31,1
DA:32,1
DA:33,1
LF:33
LH:33
BRDA:33,0,0,1
BRDA:33,1,0,1
BRDA:33,2,0,0
BRDA:33,3,0,0
BRDA:33,4,0,0
BRDA:33,5,0,0
BRDA:33,6,0,1
BRDA:33,7,0,1
BRDA:33,8,0,1
BRDA:33,9,0,2
BRDA:33,10,0,2
BRDA:33,11,0,0
BRDA:33,12,0,2
BRDA:33,13,0,2
BRDA:33,14,0,1
BRDA:33,15,0,3
BRDA:33,16,0,1
BRDA:33,17,0,2
BRDA:33,18,0,2
BRDA:33,19,0,2
BRDA:33,20,0,0
BRDA:33,21,0,6
BRDA:33,22,0,4
BRDA:33,23,0,4
BRDA:33,24,0,0
BRDA:33,25,0,8
BRDA:33,26,0,0
BRDA:33,27,0,0
BRDA:33,28,0,0
BRDA:33,29,0,0
BRDA:33,30,0,4
BRDA:33,31,0,4
BRDA:33,32,0,2
BRDA:33,33,0,0
BRDA:33,34,0,0
BRDA:33,35,0,2
BRDA:33,36,0,0
BRDA:33,37,0,1
BRDA:33,38,0,0
BRDA:33,39,0,0
BRDA:33,40,0,0
BRDA:33,41,0,0
BRDA:33,42,0,4
BRDA:33,43,0,3
BRDA:33,44,0,1
BRDA:33,45,0,4
BRDA:33,46,0,2
BRDA:33,47,0,1
BRDA:33,48,0,0
BRDA:33,49,0,1
BRDA:33,50,0,0
BRDA:16,51,0,1
BRDA:17,52,0,2
BRDA:22,53,0,2
BRDA:33,54,0,2
BRDA:33,55,0,4
BRDA:23,56,0,2
BRDA:33,57,0,2
BRDA:25,58,0,1
BRF:59
BRH:39
end_of_record
TN:
SF:src/modules/users/services/UpdateProfileService.ts
FN:75,__decorate
FN:75,__metadata
FN:75,__param
FN:75,__awaiter
FN:75,adopt
FN:75,fulfilled
FN:75,rejected
FN:75,step
FN:75,__generator
FN:75,sent
FN:75,g.<computed>
FN:75,verb
FN:75,step
FN:75,__importDefault
FN:18,UpdateProfileService
FN:26,UpdateProfileService.execute
FNF:16
FNH:14
FNDA:1,__decorate
FNDA:1,__metadata
FNDA:2,__param
FNDA:6,__awaiter
FNDA:16,adopt
FNDA:16,fulfilled
FNDA:0,rejected
FNDA:18,step
FNDA:6,__generator
FNDA:16,sent
FNDA:0,g.<computed>
FNDA:18,verb
FNDA:22,step
FNDA:1,__importDefault
FNDA:6,UpdateProfileService
FNDA:6,UpdateProfileService.execute
DA:1,1
DA:2,1
DA:3,1
DA:4,1
DA:5,1
DA:6,1
DA:7,1
DA:8,1
DA:9,1
DA:10,1
DA:11,1
DA:12,1
DA:13,1
DA:14,1
DA:15,1
DA:16,1
DA:17,1
DA:18,1
DA:19,6
DA:20,6
DA:21,6
DA:22,6
DA:23,6
DA:24,6
DA:25,1
DA:26,1
DA:27,6
DA:28,6
DA:29,6
DA:30,6
DA:31,6
DA:32,6
DA:33,6
DA:34,6
DA:35,6
DA:36,1
DA:37,1
DA:38,5
DA:39,5
DA:40,6
DA:41,6
DA:42,1
DA:43,1
DA:44,4
DA:45,4
DA:46,6
DA:47,1
DA:48,1
DA:49,1
DA:50,1
DA:51,2
DA:52,2
DA:53,2
DA:54,2
DA:55,2
DA:56,6
DA:57,6
DA:58,1
DA:59,1
DA:60,1
DA:61,1
DA:62,1
DA:63,1
DA:64,6
DA:65,6
DA:66,6
DA:67,6
DA:68,6
DA:69,6
DA:70,6
DA:71,6
DA:72,6
DA:73,1
DA:74,1
DA:75,1
LF:75
LH:75
BRDA:75,0,0,1
BRDA:75,1,0,1
BRDA:75,2,0,0
BRDA:75,3,0,0
BRDA:75,4,0,0
BRDA:75,5,0,0
BRDA:75,6,0,1
BRDA:75,7,0,2
BRDA:75,8,0,2
BRDA:75,9,0,6
BRDA:75,10,0,16
BRDA:75,11,0,0
BRDA:75,12,0,6
BRDA:75,13,0,16
BRDA:75,14,0,12
BRDA:75,15,0,4
BRDA:75,16,0,18
BRDA:75,17,0,2
BRDA:75,18,0,16
BRDA:75,19,0,6
BRDA:75,20,0,16
BRDA:75,21,0,0
BRDA:75,22,0,18
BRDA:75,23,0,22
BRDA:75,24,0,22
BRDA:75,25,0,0
BRDA:75,26,0,45
BRDA:75,27,0,0
BRDA:75,28,0,0
BRDA:75,29,0,0
BRDA:75,30,0,0
BRDA:75,31,0,22
BRDA:75,32,0,22
BRDA:75,33,0,16
BRDA:75,34,0,0
BRDA:75,35,0,0
BRDA:75,36,0,7
BRDA:75,37,0,0
BRDA:75,38,0,3
BRDA:75,39,0,6
BRDA:75,40,0,1
BRDA:75,41,0,0
BRDA:75,42,0,1
BRDA:75,43,0,0
BRDA:75,44,0,0
BRDA:75,45,0,0
BRDA:75,46,0,23
BRDA:75,47,0,19
BRDA:75,48,0,4
BRDA:75,49,0,23
BRDA:75,50,0,6
BRDA:75,51,0,4
BRDA:75,52,0,2
BRDA:75,53,0,0
BRDA:75,54,0,1
BRDA:75,55,0,0
BRDA:17,56,0,1
BRDA:18,57,0,6
BRDA:26,58,0,6
BRDA:75,59,0,6
BRDA:75,60,0,23
BRDA:33,61,0,6
BRDA:75,62,0,6
BRDA:35,63,0,1
BRDA:37,64,0,5
BRDA:75,65,0,5
BRDA:41,66,0,1
BRDA:41,67,0,1
BRDA:43,68,0,4
BRDA:45,69,0,1
BRDA:45,70,0,3
BRDA:46,71,0,1
BRDA:50,72,0,2
BRDA:75,73,0,2
BRDA:57,74,0,1
BRDA:75,75,0,1
BRDA:75,76,0,2
BRDA:75,77,0,2
BRF:78
BRH:58
end_of_record
TN:
SF:src/modules/users/services/UpdateUserAvatarService.ts
FN:46,__decorate
FN:46,__metadata
FN:46,__param
FN:46,__awaiter
FN:46,adopt
FN:46,fulfilled
FN:46,rejected
FN:46,step
FN:46,__generator
FN:46,sent
FN:46,g.<computed>
FN:46,verb
FN:46,step
FN:46,__importDefault
FN:15,UpdateUserAvatarService
FN:23,UpdateUserAvatarService.execute
FNF:16
FNH:14
FNDA:1,__decorate
FNDA:1,__metadata
FNDA:2,__param
FNDA:4,__awaiter
FNDA:11,adopt
FNDA:11,fulfilled
FNDA:0,rejected
FNDA:14,step
FNDA:4,__generator
FNDA:11,sent
FNDA:0,g.<computed>
FNDA:12,verb
FNDA:15,step
FNDA:1,__importDefault
FNDA:3,UpdateUserAvatarService
FNDA:4,UpdateUserAvatarService.execute
DA:1,1
DA:2,1
DA:3,1
DA:4,1
DA:5,1
DA:6,1
DA:7,1
DA:8,1
DA:9,1
DA:10,1
DA:11,1
DA:12,1
DA:13,1
DA:14,1
DA:15,1
DA:16,3
DA:17,3
DA:18,3
DA:19,3
DA:20,3
DA:21,3
DA:22,1
DA:23,1
DA:24,4
DA:25,4
DA:26,4
DA:27,1
DA:28,1
DA:29,3
DA:30,3
DA:31,1
DA:32,4
DA:33,4
DA:34,4
DA:35,4
DA:36,4
DA:37,4
DA:38,4
DA:39,4
DA:40,4
DA:41,4
DA:42,4
DA:43,4
DA:44,1
DA:45,1
DA:46,1
LF:46
LH:46
BRDA:46,0,0,1
BRDA:46,1,0,1
BRDA:46,2,0,0
BRDA:46,3,0,0
BRDA:46,4,0,0
BRDA:46,5,0,0
BRDA:46,6,0,1
BRDA:46,7,0,2
BRDA:46,8,0,2
BRDA:46,9,0,4
BRDA:46,10,0,11
BRDA:46,11,0,0
BRDA:46,12,0,4
BRDA:46,13,0,11
BRDA:46,14,0,10
BRDA:46,15,0,1
BRDA:46,16,0,14
BRDA:46,17,0,3
BRDA:46,18,0,11
BRDA:46,19,0,4
BRDA:46,20,0,11
BRDA:46,21,0,0
BRDA:46,22,0,12
BRDA:46,23,0,15
BRDA:46,24,0,15
BRDA:46,25,0,0
BRDA:46,26,0,32
BRDA:46,27,0,0
BRDA:46,28,0,0
BRDA:46,29,0,0
BRDA:46,30,0,0
BRDA:46,31,0,15
BRDA:46,32,0,15
BRDA:46,33,0,11
BRDA:46,34,0,0
BRDA:46,35,0,0
BRDA:46,36,0,6
BRDA:46,37,0,0
BRDA:46,38,0,5
BRDA:46,39,0,4
BRDA:46,40,0,2
BRDA:46,41,0,0
BRDA:46,42,0,2
BRDA:46,43,0,0
BRDA:46,44,0,0
BRDA:46,45,0,0
BRDA:46,46,0,17
BRDA:46,47,0,16
BRDA:46,48,0,1
BRDA:46,49,0,17
BRDA:46,50,0,4
BRDA:46,51,0,1
BRDA:46,52,0,3
BRDA:46,53,0,0
BRDA:46,54,0,1
BRDA:46,55,0,0
BRDA:14,56,0,1
BRDA:15,57,0,3
BRDA:23,58,0,4
BRDA:46,59,0,4
BRDA:46,60,0,17
BRDA:24,61,0,4
BRDA:46,62,0,4
BRDA:26,63,0,1
BRDA:28,64,0,3
BRDA:30,65,0,2
BRDA:30,66,0,1
BRDA:46,67,0,1
BRDA:34,68,0,3
BRDA:46,69,0,3
BRDA:46,70,0,3
BRF:71
BRH:51
end_of_record
